<?xml version="1.0" encoding="UTF-8"?>
<!-- Generated by org.testng.reporters.JUnitXMLReporter -->
<testsuite hostname="ascherba-pc" name="Surefire test" tests="4" failures="1" timestamp="9 Oct 2017 05:38:58 GMT" time="31.96" errors="0">
  <testcase name="testRegister" time="0.224" classname="tests.RegisterTest">
    <failure type="java.lang.NullPointerException">
      <![CDATA[java.lang.NullPointerException
	at pages.BasePage.typeText_aroundBody0(BasePage.java:31)
	at pages.BasePage$AjcClosure1.run(BasePage.java:1)
	at io.qameta.allure.aspects.StepsAspects.step(StepsAspects.java:46)
	at pages.BasePage.typeText(BasePage.java:31)
	at pages.RegisterPage.fillForm_aroundBody0(RegisterPage.java:45)
	at pages.RegisterPage$AjcClosure1.run(RegisterPage.java:1)
	at io.qameta.allure.aspects.StepsAspects.step(StepsAspects.java:46)
	at pages.RegisterPage.fillForm(RegisterPage.java:45)
	at tests.RegisterTest.testRegister(RegisterTest.java:38)
	at java.util.concurrent.ThreadPoolExecutor.runWorker(ThreadPoolExecutor.java:1149)
	at java.util.concurrent.ThreadPoolExecutor$Worker.run(ThreadPoolExecutor.java:624)
	at java.lang.Thread.run(Thread.java:748)
... Removed 12 stack frames]]>
    </failure>
  </testcase> <!-- testRegister -->
  <testcase name="test" time="1.264" classname="tests.LoginTest"/>
  <testcase name="test" time="1.081" classname="tests.LoginTest"/>
  <testcase name="test" time="0.927" classname="tests.LoginTest"/>
</testsuite> <!-- Surefire test -->
