-------------------------------------------------------------------------------
Test set: TestSuite
-------------------------------------------------------------------------------
Tests run: 4, Failures: 1, Errors: 0, Skipped: 0, Time elapsed: 32.956 s <<< FAILURE! - in TestSuite
testRegister(tests.RegisterTest)  Time elapsed: 0.397 s  <<< FAILURE!
java.lang.NullPointerException
	at tests.RegisterTest.testRegister(RegisterTest.java:38)

