<?xml version="1.0" encoding="UTF-8"?>
<testsuite xmlns:xsi="http://www.w3.org/2001/XMLSchema-instance" xsi:noNamespaceSchemaLocation="https://maven.apache.org/surefire/maven-surefire-plugin/xsd/surefire-test-report.xsd" name="TestSuite" time="32.956" tests="4" errors="0" skipped="0" failures="1">
  <properties>
[...]
</properties>
  <testcase name="testRegister" classname="tests.RegisterTest" time="0.397">
    <failure type="java.lang.NullPointerException">java.lang.NullPointerException
	at tests.RegisterTest.testRegister(RegisterTest.java:38)
</failure>
    <system-err><![CDATA[SLF4J: Failed to load class "org.slf4j.impl.StaticLoggerBinder".
SLF4J: Defaulting to no-operation (NOP) logger implementation
SLF4J: See http://www.slf4j.org/codes.html#StaticLoggerBinder for further details.
1507527507240	geckodriver	INFO	geckodriver 0.18.0
1507527507244	geckodriver	INFO	Listening on 127.0.0.1:6972
1507527507246	geckodriver	INFO	geckodriver 0.18.0
1507527507249	geckodriver	INFO	Listening on 127.0.0.1:11309
1507527507785	geckodriver::marionette	INFO	Starting browser /usr/lib/firefox/firefox with args ["-marionette"]
1507527507794	geckodriver::marionette	INFO	Starting browser /usr/lib/firefox/firefox with args ["-marionette"]
1507527508062	addons.xpi	WARN	Error parsing extensions state: [Exception... "Component returned failure code: 0x80520012 (NS_ERROR_FILE_NOT_FOUND) [amIAddonManagerStartup.readStartupData]"  nsresult: "0x80520012 (NS_ERROR_FILE_NOT_FOUND)"  location: "JS frame :: resource://gre/modules/addons/XPIProvider.jsm :: loadExtensionState :: line 1554"  data: no] Stack trace: loadExtensionState()@resource://gre/modules/addons/XPIProvider.jsm:1554 < getInstallState()@resource://gre/modules/addons/XPIProvider.jsm:1589 < checkForChanges()@resource://gre/modules/addons/XPIProvider.jsm:3109 < startup()@resource://gre/modules/addons/XPIProvider.jsm:2188 < callProvider()@resource://gre/modules/AddonManager.jsm:269 < _startProvider()@resource://gre/modules/AddonManager.jsm:739 < startup()@resource://gre/modules/AddonManager.jsm:906 < startup()@resource://gre/modules/AddonManager.jsm:3090 < observe()@jar:file:///usr/lib/firefox/omni.ja!/components/addonManager.js:65
1507527508103	addons.xpi	WARN	Error parsing extensions state: [Exception... "Component returned failure code: 0x80520012 (NS_ERROR_FILE_NOT_FOUND) [amIAddonManagerStartup.readStartupData]"  nsresult: "0x80520012 (NS_ERROR_FILE_NOT_FOUND)"  location: "JS frame :: resource://gre/modules/addons/XPIProvider.jsm :: loadExtensionState :: line 1554"  data: no] Stack trace: loadExtensionState()@resource://gre/modules/addons/XPIProvider.jsm:1554 < getInstallState()@resource://gre/modules/addons/XPIProvider.jsm:1589 < checkForChanges()@resource://gre/modules/addons/XPIProvider.jsm:3109 < startup()@resource://gre/modules/addons/XPIProvider.jsm:2188 < callProvider()@resource://gre/modules/AddonManager.jsm:269 < _startProvider()@resource://gre/modules/AddonManager.jsm:739 < startup()@resource://gre/modules/AddonManager.jsm:906 < startup()@resource://gre/modules/AddonManager.jsm:3090 < observe()@jar:file:///usr/lib/firefox/omni.ja!/components/addonManager.js:65
1507527509029	Marionette	INFO	Enabled via --marionette
1507527509032	Marionette	INFO	Enabled via --marionette
1507527516257	Marionette	INFO	Listening on port 41493
1507527516403	Marionette	DEBUG	Register listener.js for window 2147483649
1507527516416	Marionette	INFO	Listening on port 35061
Oct 09, 2017 11:38:36 AM org.openqa.selenium.remote.ProtocolHandshake createSession
INFO: Detected dialect: W3C
1507527516547	Marionette	DEBUG	Register listener.js for window 2147483649
Oct 09, 2017 11:38:36 AM org.openqa.selenium.remote.ProtocolHandshake createSession
INFO: Detected dialect: W3C
1507527516598	Marionette	DEBUG	Received DOM event "beforeunload" for "about:blank"
1507527516601	Marionette	DEBUG	Received DOM event "beforeunload" for "about:blank"
1507527516688	Marionette	DEBUG	Received DOM event "pagehide" for "about:blank"
1507527516688	Marionette	DEBUG	Received DOM event "unload" for "about:blank"
1507527516696	Marionette	DEBUG	Received DOM event "pagehide" for "about:blank"
1507527516696	Marionette	DEBUG	Received DOM event "unload" for "about:blank"
1507527518734	Marionette	DEBUG	Received DOM event "DOMContentLoaded" for "http://redmine-train.dev.thumbtack.net:3000/login"
1507527518739	Marionette	DEBUG	Received DOM event "pageshow" for "http://redmine-train.dev.thumbtack.net:3000/login"
1507527521542	Marionette	DEBUG	Received DOM event "DOMContentLoaded" for "http://redmine-train.dev.thumbtack.net:3000/account/register"
1507527521547	Marionette	DEBUG	Received DOM event "pageshow" for "http://redmine-train.dev.thumbtack.net:3000/account/register"
1507527521672	Marionette	DEBUG	Received DOM event "beforeunload" for "http://redmine-train.dev.thumbtack.net:3000/login"
1507527521699	Marionette	DEBUG	Received DOM event "pagehide" for "http://redmine-train.dev.thumbtack.net:3000/login"
1507527521700	Marionette	DEBUG	Received DOM event "unload" for "http://redmine-train.dev.thumbtack.net:3000/login"
1507527521796	Marionette	DEBUG	Received DOM event "DOMContentLoaded" for "http://redmine-train.dev.thumbtack.net:3000/login"
1507527521808	Marionette	DEBUG	Received DOM event "pageshow" for "http://redmine-train.dev.thumbtack.net:3000/login"
]]></system-err>
  </testcase>
  <testcase name="test" classname="tests.LoginTest" time="0.399"/>
  <testcase name="test" classname="tests.LoginTest" time="1.077"/>
  <testcase name="test" classname="tests.LoginTest" time="0.925"/>
</testsuite>